<?xml version="1.0" encoding="UTF-8"?>
<!-- Generated by org.testng.reporters.JUnitReportReporter -->
<testsuite hostname="LAPTOP-P8997V13" failures="0" tests="11" name="TestCases.NewCompany" time="190.169" errors="0" timestamp="2025-06-03T12:48:49 IST" skipped="0">
  <testcase classname="TestCases.NewCompany" name="addNewCompany" time="14.042"/>
  <system-out>
    <![CDATA[addNewCompanymethod passed]]>
  </system-out>
  <testcase classname="TestCases.NewCompany" name="addNewCompany" time="15.689"/>
  <system-out>
    <![CDATA[addNewCompanymethod passed]]>
  </system-out>
  <testcase classname="TestCases.NewCompany" name="addNewCompany" time="24.430"/>
  <system-out>
    <![CDATA[addNewCompanymethod passed]]>
  </system-out>
  <testcase classname="TestCases.NewCompany" name="addNewCompany" time="14.767"/>
  <system-out>
    <![CDATA[addNewCompanymethod passed]]>
  </system-out>
  <testcase classname="TestCases.NewCompany" name="addNewCompany" time="16.550"/>
  <system-out>
    <![CDATA[addNewCompanymethod passed]]>
  </system-out>
  <testcase classname="TestCases.NewCompany" name="addNewCompany" time="16.468"/>
  <system-out>
    <![CDATA[addNewCompanymethod passed]]>
  </system-out>
  <testcase classname="TestCases.NewCompany" name="addNewCompany" time="18.011"/>
  <system-out>
    <![CDATA[addNewCompanymethod passed]]>
  </system-out>
  <testcase classname="TestCases.NewCompany" name="addNewCompany" time="21.599"/>
  <system-out>
    <![CDATA[addNewCompanymethod passed]]>
  </system-out>
  <testcase classname="TestCases.NewCompany" name="addNewCompany" time="14.531"/>
  <system-out>
    <![CDATA[addNewCompanymethod passed]]>
  </system-out>
  <testcase classname="TestCases.NewCompany" name="addNewCompany" time="17.816"/>
  <system-out>
    <![CDATA[addNewCompanymethod passed]]>
  </system-out>
  <testcase classname="TestCases.NewCompany" name="addNewCompany" time="16.266"/>
  <system-out>
    <![CDATA[addNewCompanymethod passed]]>
  </system-out>
</testsuite> <!-- TestCases.NewCompany -->
