<?xml version="1.0" encoding="UTF-8"?>
<!-- Generated by org.testng.reporters.JUnitReportReporter -->
<testsuite hostname="LAPTOP-P8997V13" failures="0" tests="1" name="TestCases.HomPageTest" time="12.414" errors="0" timestamp="2025-06-02T21:05:55 IST" skipped="0">
  <testcase classname="TestCases.HomPageTest" name="HompageTest" time="12.414"/>
  <system-out/>
</testsuite> <!-- TestCases.HomPageTest -->
