<?xml version="1.0" encoding="UTF-8"?>
<!-- Generated by org.testng.reporters.JUnitReportReporter -->
<testsuite hostname="LAPTOP-P8997V13" failures="0" tests="1" name="TestCases.LoginTest" time="10.597" errors="0" timestamp="2025-06-02T20:33:32 IST" skipped="0">
  <testcase classname="TestCases.LoginTest" name="loginTestCase" time="10.597"/>
  <system-out/>
</testsuite> <!-- TestCases.LoginTest -->
