<?xml version="1.0" encoding="UTF-8"?>
<!-- Generated by org.testng.reporters.JUnitReportReporter -->
<testsuite hostname="LAPTOP-P8997V13" failures="0" tests="11" name="TestCases.NewCompany" time="314.629" errors="0" timestamp="2025-06-18T10:35:50 IST" skipped="0">
  <testcase classname="TestCases.NewCompany" name="addNewCompany" time="22.419"/>
  <system-out>
    <![CDATA[addNewCompanymethod passed]]>
  </system-out>
  <testcase classname="TestCases.NewCompany" name="addNewCompany" time="24.218"/>
  <system-out>
    <![CDATA[addNewCompanymethod passed]]>
  </system-out>
  <testcase classname="TestCases.NewCompany" name="addNewCompany" time="52.840"/>
  <system-out>
    <![CDATA[addNewCompanymethod passed]]>
  </system-out>
  <testcase classname="TestCases.NewCompany" name="addNewCompany" time="25.864"/>
  <system-out>
    <![CDATA[addNewCompanymethod passed]]>
  </system-out>
  <testcase classname="TestCases.NewCompany" name="addNewCompany" time="27.118"/>
  <system-out>
    <![CDATA[addNewCompanymethod passed]]>
  </system-out>
  <testcase classname="TestCases.NewCompany" name="addNewCompany" time="23.115"/>
  <system-out>
    <![CDATA[addNewCompanymethod passed]]>
  </system-out>
  <testcase classname="TestCases.NewCompany" name="addNewCompany" time="41.185"/>
  <system-out>
    <![CDATA[addNewCompanymethod passed]]>
  </system-out>
  <testcase classname="TestCases.NewCompany" name="addNewCompany" time="28.423"/>
  <system-out>
    <![CDATA[addNewCompanymethod passed]]>
  </system-out>
  <testcase classname="TestCases.NewCompany" name="addNewCompany" time="23.664"/>
  <system-out>
    <![CDATA[addNewCompanymethod passed]]>
  </system-out>
  <testcase classname="TestCases.NewCompany" name="addNewCompany" time="23.044"/>
  <system-out>
    <![CDATA[addNewCompanymethod passed]]>
  </system-out>
  <testcase classname="TestCases.NewCompany" name="addNewCompany" time="22.739"/>
  <system-out>
    <![CDATA[addNewCompanymethod passed]]>
  </system-out>
</testsuite> <!-- TestCases.NewCompany -->
