<?xml version="1.0" encoding="UTF-8"?>
<!-- Generated by org.testng.reporters.JUnitReportReporter -->
<testsuite hostname="LAPTOP-P8997V13" failures="0" tests="1" name="TestCases.LoginTest" time="11.224" errors="0" timestamp="2025-06-16T10:42:29 IST" skipped="0">
  <testcase classname="TestCases.LoginTest" name="loginTestCase" time="11.224"/>
  <system-out>
    <![CDATA[loginTestCasemethod passed]]>
  </system-out>
</testsuite> <!-- TestCases.LoginTest -->
