<?xml version="1.0" encoding="UTF-8"?>
<!-- Generated by org.testng.reporters.JUnitReportReporter -->
<testsuite hostname="LAPTOP-P8997V13" failures="0" tests="1" name="TestCases.HomePageTest" time="12.513" errors="0" timestamp="2025-06-16T10:43:46 IST" skipped="0">
  <testcase classname="TestCases.HomePageTest" name="HomepageTest" time="12.513"/>
  <system-out>
    <![CDATA[HomepageTestmethod passed]]>
  </system-out>
</testsuite> <!-- TestCases.HomePageTest -->
